<?xml version="1.0" encoding="UTF-8"?>
<testng-results ignored="0" total="1" passed="1" failed="0" skipped="0">
  <reporter-output>
  </reporter-output>
  <suite started-at="2024-04-04T10:45:02 IST" name="Default suite" finished-at="2024-04-04T10:45:02 IST" duration-ms="63">
    <groups>
    </groups>
    <test started-at="2024-04-04T10:45:02 IST" name="Default test" finished-at="2024-04-04T10:45:02 IST" duration-ms="63">
      <class name="com.TestCases.XMLReader">
        <test-method signature="ReaddataFromXMLPasstoSelenium()[pri:0, instance:com.TestCases.XMLReader@385c9627]" started-at="2024-04-04T10:45:02 IST" name="ReaddataFromXMLPasstoSelenium" finished-at="2024-04-04T10:45:02 IST" duration-ms="26" status="PASS">
          <reporter-output>
          </reporter-output>
        </test-method> <!-- ReaddataFromXMLPasstoSelenium -->
      </class> <!-- com.TestCases.XMLReader -->
    </test> <!-- Default test -->
  </suite> <!-- Default suite -->
</testng-results>
